[debug] ----------------------------------------------------------------------
[debug] Command:      /usr/local/Cellar/node/6.2.2/bin/node /usr/local/bin/firebase deploy
[debug] CLI Version:  3.0.4
[debug] Platform:     darwin
[debug] Node Version: v6.2.2
[debug] Time:         Sat Jan 21 2017 20:14:29 GMT-0700 (MST)
[debug] ----------------------------------------------------------------------
[debug] 
[debug] > command requires scopes: ["email","openid","https://www.googleapis.com/auth/cloudplatformprojects.readonly","https://www.googleapis.com/auth/firebase"]
[debug] > refreshing access token with scopes: ["email","https://www.googleapis.com/auth/cloudplatformprojects.readonly","https://www.googleapis.com/auth/firebase","openid"]
[debug] >>> HTTP REQUEST POST https://www.googleapis.com/oauth2/v3/token
[debug] <<< HTTP RESPONSE 200
[debug] >>> HTTP REQUEST GET https://admin.firebase.com/v1/projects/vegas-pro 
[debug] <<< HTTP RESPONSE 200
[debug] >>> HTTP REQUEST GET https://admin.firebase.com/v1/database/vegas-pro/tokens 
[debug] <<< HTTP RESPONSE 200
[info] 
[info] === Deploying to 'vegas-pro'...
[info] 
[info] i  deploying hosting
[info] ✔  database: rules ready to deploy.
[info] i  hosting: preparing ./ directory for upload...
[debug] >>> HTTP REQUEST PUT https://deploy.firebase.com/v1/hosting/vegas-pro/uploads/-Kb39krch8JjhRNNXCca?fileCount=12336&message= 
[debug] ----------------------------------------------------------------------
[debug] Command:      /usr/local/Cellar/node/6.2.2/bin/node /usr/local/bin/firebase deploy
[debug] CLI Version:  3.0.4
[debug] Platform:     darwin
[debug] Node Version: v6.2.2
[debug] Time:         Sat Jan 21 2017 20:17:42 GMT-0700 (MST)
[debug] ----------------------------------------------------------------------
[debug] 
[debug] > command requires scopes: ["email","openid","https://www.googleapis.com/auth/cloudplatformprojects.readonly","https://www.googleapis.com/auth/firebase"]
[debug] >>> HTTP REQUEST GET https://admin.firebase.com/v1/projects/vegas-pro 
[debug] <<< HTTP RESPONSE 200
[debug] >>> HTTP REQUEST GET https://admin.firebase.com/v1/database/vegas-pro/tokens 
[debug] <<< HTTP RESPONSE 200
[info] 
[info] === Deploying to 'vegas-pro'...
[info] 
[info] i  deploying hosting
[info] ✔  database: rules ready to deploy.
[info] i  hosting: preparing ./ directory for upload...
[debug] >>> HTTP REQUEST PUT https://deploy.firebase.com/v1/hosting/vegas-pro/uploads/-Kb3AUcJuIwj8_rDpB3w?fileCount=12336&message= 
[debug] ----------------------------------------------------------------------
[debug] Command:      /usr/local/Cellar/node/6.2.2/bin/node /usr/local/bin/firebase deploy
[debug] CLI Version:  3.0.4
[debug] Platform:     darwin
[debug] Node Version: v6.2.2
[debug] Time:         Sat Jan 21 2017 20:19:59 GMT-0700 (MST)
[debug] ----------------------------------------------------------------------
[debug] 
[debug] > command requires scopes: ["email","openid","https://www.googleapis.com/auth/cloudplatformprojects.readonly","https://www.googleapis.com/auth/firebase"]
[debug] >>> HTTP REQUEST GET https://admin.firebase.com/v1/projects/vegas-pro 
[debug] <<< HTTP RESPONSE 200
[debug] >>> HTTP REQUEST GET https://admin.firebase.com/v1/database/vegas-pro/tokens 
[debug] <<< HTTP RESPONSE 200
[info] 
[info] === Deploying to 'vegas-pro'...
[info] 
[info] i  deploying hosting
[info] ✔  database: rules ready to deploy.
[info] i  hosting: preparing ./ directory for upload...
[debug] >>> HTTP REQUEST PUT https://deploy.firebase.com/v1/hosting/vegas-pro/uploads/-Kb3B0BLI9CMZY9-npsg?fileCount=12336&message= 
